state	min	max	median	shifts	jumps	jumpvar	SE	root	lnL	lnLp	qlnL.p	qlnL.h
100	0.020	0.020	0.020	0	0	0.000	0.014	4.011	4.85	-1135.36	-0.00	0.00
200	0.019	0.019	0.019	0	0	0.000	0.021	4.011	4.98	-1135.36	0.00	-6.85
300	0.014	0.014	0.014	0	1	1.099	0.030	4.011	9.30	-1136.40	1.04	0.00
400	0.014	0.014	0.014	0	1	0.433	0.028	4.011	10.11	-1136.40	-0.69	0.00
500	0.016	0.016	0.016	0	2	0.149	0.021	4.011	10.40	-1137.09	0.00	0.00
600	0.015	0.015	0.015	0	2	0.249	0.018	4.014	10.82	-1137.09	0.00	0.00
700	0.015	0.015	0.015	0	1	0.182	0.012	4.014	10.05	-1136.40	-0.00	0.00
800	0.012	0.012	0.012	0	2	1.021	0.017	4.014	19.98	-1137.10	0.00	0.00
900	0.010	0.010	0.010	0	2	0.467	0.012	3.930	19.45	-1137.09	0.00	-0.32
1000	0.016	0.016	0.016	0	3	0.984	0.013	4.056	19.45	-1137.50	-0.00	0.00
1100	0.012	0.012	0.012	0	3	0.312	0.023	4.056	18.38	-1137.50	0.00	-7.32
1200	0.012	0.012	0.012	0	5	0.243	0.023	4.056	19.43	-1138.01	0.00	0.00
1300	0.009	0.009	0.009	0	6	0.514	0.036	3.954	14.16	-1138.20	0.00	0.00
1400	0.014	0.014	0.014	0	4	0.465	0.038	3.963	15.86	-1137.79	0.29	0.00
1500	0.009	0.009	0.009	0	2	0.280	0.033	3.963	18.52	-1137.09	-0.41	0.00
1600	0.011	0.011	0.011	0	2	0.901	0.044	3.963	18.90	-1137.10	-0.00	0.00
1700	0.011	0.011	0.011	0	2	0.385	0.029	3.963	19.75	-1137.09	0.00	0.00
1800	0.012	0.012	0.012	0	3	0.236	0.037	3.963	18.60	-1137.50	0.00	0.00
1900	0.014	0.014	0.014	0	3	0.846	0.037	3.929	19.31	-1137.50	-0.00	0.00
2000	0.013	0.013	0.013	0	3	1.339	0.037	3.929	19.77	-1137.50	0.00	0.00
2100	0.011	0.011	0.011	0	2	4.883	0.028	3.929	18.13	-1137.11	0.70	0.00
2200	0.011	0.011	0.011	0	4	3.920	0.028	3.929	13.56	-1137.81	-0.23	0.00
2300	0.009	0.009	0.009	0	2	1.712	0.001	3.929	18.54	-1137.10	0.00	0.00
2400	0.013	0.013	0.013	0	2	3.091	0.001	3.929	18.90	-1137.10	-0.41	0.00
2500	0.012	0.012	0.012	0	2	5.463	0.002	3.929	18.61	-1137.11	0.00	-0.02
2600	0.014	0.014	0.014	0	2	6.748	0.002	3.929	17.92	-1137.11	0.70	0.00
2700	0.010	0.010	0.010	0	2	16.799	0.004	3.929	17.27	-1137.14	0.00	0.00
2800	0.010	0.010	0.010	0	4	42.855	0.004	3.997	11.30	-1138.00	0.00	0.00
2900	0.012	0.012	0.012	0	2	129.618	0.008	3.997	15.78	-1137.48	-0.10	0.31
3000	0.010	0.010	0.010	0	2	49.197	0.008	3.997	16.33	-1137.24	0.02	-0.15
3100	0.012	0.012	0.012	0	2	35.607	0.004	4.136	15.59	-1137.20	-0.00	0.00
3200	0.010	0.010	0.010	0	2	59.879	0.004	4.136	14.32	-1137.27	0.00	0.00
3300	0.010	0.010	0.010	0	2	60.587	0.019	4.032	16.02	-1137.28	0.75	0.00
3400	0.014	0.014	0.014	0	2	87.450	0.019	4.081	14.70	-1137.36	0.00	-7.12
3500	0.013	0.013	0.013	0	2	77.028	0.006	4.023	15.96	-1137.32	0.00	-7.20
3600	0.012	0.012	0.012	0	2	116.892	0.009	4.023	15.82	-1137.44	0.00	0.00
3700	0.012	0.012	0.012	0	3	97.971	0.010	4.023	14.74	-1137.89	-0.39	0.00
3800	0.009	0.009	0.009	0	2	105.482	0.013	3.950	14.02	-1137.41	0.00	0.00
3900	0.013	0.013	0.013	0	2	170.043	0.042	3.905	13.44	-1137.60	-0.58	0.00
4000	0.013	0.013	0.013	0	2	146.200	0.042	3.905	13.57	-1137.53	0.00	-7.19
4100	0.007	0.007	0.007	0	3	284.610	0.042	3.905	20.76	-1138.64	0.00	0.00
4200	0.009	0.009	0.009	0	3	313.778	0.063	3.905	19.38	-1138.75	0.00	0.00
4300	0.007	0.007	0.007	0	3	128.243	0.063	3.874	20.89	-1138.01	-0.00	0.00
4400	0.008	0.008	0.008	0	3	87.145	0.049	3.894	22.38	-1137.85	-0.00	0.00
4500	0.008	0.008	0.008	0	3	173.558	0.019	3.844	21.40	-1138.19	0.00	0.00
4600	0.008	0.008	0.008	0	3	408.733	0.014	4.030	20.27	-1139.13	-0.00	0.00
4700	0.010	0.010	0.010	0	3	174.867	0.019	4.030	21.34	-1138.20	0.00	0.00
4800	0.009	0.009	0.009	0	3	270.328	0.031	4.030	20.63	-1138.58	0.00	0.00
4900	0.006	0.006	0.006	0	3	104.524	0.055	4.030	20.06	-1137.92	0.00	0.00
5000	0.008	0.008	0.008	0	3	39.528	0.059	4.030	22.31	-1137.66	-0.33	0.00
5100	0.007	0.007	0.007	0	3	71.839	0.046	3.850	21.97	-1137.79	0.00	0.00
5200	0.012	0.012	0.012	0	3	139.714	0.046	3.742	16.72	-1138.06	-0.00	0.00
5300	0.007	0.007	0.007	0	3	109.255	0.046	3.742	17.80	-1137.94	-0.00	0.00
5400	0.007	0.007	0.007	0	3	166.528	0.046	4.001	21.16	-1138.16	0.00	0.00
5500	0.007	0.007	0.007	0	3	563.120	0.046	4.001	19.04	-1139.75	0.97	0.00
5600	0.007	0.007	0.007	0	3	710.996	0.034	4.001	18.66	-1140.34	0.00	0.00
5700	0.007	0.007	0.007	0	3	526.379	0.039	4.001	19.00	-1139.60	0.93	0.00
5800	0.008	0.008	0.008	0	3	398.831	0.038	4.001	20.32	-1139.09	-0.54	0.29
5900	0.006	0.006	0.006	0	3	260.820	0.071	3.865	18.85	-1138.54	0.00	-7.98
6000	0.009	0.009	0.009	0	3	83.967	0.058	3.865	21.23	-1137.83	0.00	-7.57
6100	0.009	0.009	0.009	0	3	137.095	0.058	3.865	20.77	-1138.05	-0.00	0.00
6200	0.009	0.009	0.009	0	4	183.141	0.058	3.865	16.31	-1138.70	0.00	-7.63
6300	0.006	0.006	0.006	0	3	213.293	0.064	3.865	19.46	-1138.35	-0.00	0.00
6400	0.009	0.009	0.009	0	3	262.425	0.024	3.821	20.30	-1138.55	-0.55	0.00
6500	0.008	0.008	0.008	0	4	136.847	0.020	3.982	18.84	-1138.47	0.00	0.00
6600	0.011	0.011	0.011	0	5	83.137	0.020	3.982	15.40	-1138.51	0.00	0.00
6700	0.010	0.010	0.010	0	3	130.474	0.020	3.982	21.93	-1138.02	0.54	0.00
6800	0.011	0.011	0.011	0	3	26.281	0.021	3.982	24.00	-1137.60	0.01	-0.08
6900	0.008	0.008	0.008	0	3	28.373	0.027	3.982	24.77	-1137.61	0.00	0.00
7000	0.009	0.009	0.009	0	3	8.567	0.017	3.922	26.80	-1137.53	-0.30	0.00
7100	0.007	0.007	0.007	0	4	2.668	0.057	3.922	27.55	-1137.80	-0.00	0.00
7200	0.009	0.009	0.009	0	3	1.957	0.043	3.880	27.70	-1137.51	0.29	0.00
7300	0.007	0.007	0.007	0	3	1.805	0.043	3.880	27.77	-1137.51	0.00	0.00
7400	0.006	0.006	0.006	0	4	0.389	0.049	3.880	33.32	-1137.79	0.29	0.00
7500	0.006	0.006	0.006	0	5	0.438	0.049	3.880	31.47	-1138.01	0.00	-8.00
7600	0.009	0.009	0.009	0	6	0.270	0.049	3.962	30.89	-1138.19	0.00	0.00
7700	0.005	0.005	0.005	0	5	0.408	0.053	3.962	34.57	-1138.01	0.00	-8.10
7800	0.004	0.004	0.004	0	7	0.797	0.053	3.950	30.97	-1138.35	0.13	0.00
7900	0.005	0.005	0.005	0	5	4.468	0.053	3.950	27.48	-1138.04	-0.00	0.00
8000	0.006	0.006	0.006	0	4	4.028	0.053	3.911	30.66	-1137.81	-0.00	0.00
8100	0.005	0.005	0.005	0	5	3.525	0.027	3.911	31.12	-1138.03	-0.00	0.00
8200	0.005	0.005	0.005	0	8	1.337	0.057	3.911	30.70	-1138.49	0.00	-8.10
8300	0.005	0.005	0.005	0	7	0.381	0.070	3.911	32.49	-1138.35	0.00	0.00
8400	0.006	0.006	0.006	0	10	0.129	0.043	3.911	27.99	-1138.70	0.00	0.00
8500	0.006	0.006	0.006	0	6	0.541	0.049	3.911	30.81	-1138.19	0.00	0.00
8600	0.007	0.007	0.007	0	9	0.203	0.049	3.911	31.54	-1138.60	-0.00	0.00
8700	0.010	0.010	0.010	0	5	0.221	0.013	3.911	32.14	-1138.01	0.00	0.00
8800	0.006	0.006	0.006	0	5	0.576	0.018	3.911	35.05	-1138.01	0.00	0.00
8900	0.007	0.007	0.007	0	6	0.312	0.016	3.939	33.35	-1138.19	-0.00	0.27
9000	0.007	0.007	0.007	0	8	0.467	0.028	3.939	31.96	-1138.48	0.00	-7.78
9100	0.008	0.008	0.008	0	4	0.677	0.015	3.939	33.86	-1137.79	-0.00	0.17
9200	0.007	0.007	0.007	0	6	1.386	0.039	3.859	29.97	-1138.20	0.00	-7.88
9300	0.010	0.010	0.010	0	5	0.229	0.024	3.859	30.70	-1138.01	0.00	-7.50
9400	0.008	0.008	0.008	0	4	0.417	0.025	3.859	33.52	-1137.79	-0.00	0.00
9500	0.006	0.006	0.006	0	6	1.124	0.019	4.022	30.06	-1138.20	0.00	0.00
9600	0.009	0.009	0.009	0	4	1.265	0.019	4.022	32.03	-1137.79	0.00	-7.64
9700	0.007	0.007	0.007	0	5	0.652	0.016	4.022	32.44	-1138.01	0.00	0.00
9800	0.009	0.009	0.009	0	4	1.568	0.016	4.022	31.76	-1137.79	0.00	-7.64
9900	0.007	0.007	0.007	0	4	1.265	0.061	4.022	31.02	-1137.79	0.00	-7.84
10000	0.007	0.007	0.007	0	5	0.864	0.025	4.022	34.24	-1138.01	0.00	-7.80
10100	0.005	0.005	0.005	0	4	0.817	0.050	4.001	31.83	-1137.79	0.00	0.00
10200	0.008	0.008	0.008	0	6	0.246	0.037	4.001	31.91	-1138.19	-0.00	0.15
10300	0.007	0.007	0.007	0	4	0.327	0.028	4.001	33.42	-1137.79	0.00	0.00
10400	0.007	0.007	0.007	0	4	0.654	0.028	3.972	33.66	-1137.79	0.00	-0.24
10500	0.007	0.007	0.007	0	6	0.222	0.028	3.972	32.03	-1138.19	0.00	-7.82
10600	0.005	0.005	0.005	0	8	0.657	0.028	3.972	29.52	-1138.48	-0.00	0.46
10700	0.005	0.005	0.005	0	7	0.538	0.038	3.871	33.55	-1138.35	0.00	-8.13
10800	0.006	0.006	0.006	0	5	0.119	0.038	3.958	30.98	-1138.01	-0.00	0.00
10900	0.007	0.007	0.007	0	6	0.386	0.043	3.958	32.29	-1138.19	0.00	0.00
11000	0.007	0.007	0.007	0	7	0.468	0.043	3.958	32.04	-1138.35	0.00	-7.87
11100	0.007	0.007	0.007	0	6	0.866	0.039	3.985	31.05	-1138.20	0.00	0.00
11200	0.007	0.007	0.007	0	6	0.564	0.026	3.892	30.19	-1138.20	-0.15	0.00
11300	0.005	0.005	0.005	0	8	0.220	0.026	3.892	31.49	-1138.48	-0.12	0.00
11400	0.006	0.006	0.006	0	9	0.592	0.026	3.859	32.12	-1138.60	0.00	0.00
11500	0.008	0.008	0.008	0	9	0.159	0.017	3.859	32.49	-1138.60	0.00	0.00
11600	0.008	0.008	0.008	0	12	0.108	0.024	3.972	31.57	-1138.89	-0.09	0.00
11700	0.006	0.006	0.006	0	8	0.448	0.018	3.972	30.91	-1138.48	0.00	0.00
11800	0.008	0.008	0.008	0	7	1.836	0.014	3.972	30.96	-1138.36	-0.00	0.00
11900	0.009	0.009	0.009	0	6	0.861	0.009	3.950	32.34	-1138.20	-0.00	0.37
12000	0.010	0.010	0.010	0	6	0.499	0.006	3.950	32.39	-1138.20	0.00	0.00
12100	0.007	0.007	0.007	0	7	0.427	0.006	3.950	34.07	-1138.35	-0.00	0.00
12200	0.007	0.007	0.007	0	6	0.486	0.003	3.950	35.66	-1138.19	0.15	0.00
12300	0.007	0.007	0.007	0	11	0.492	0.003	3.950	31.82	-1138.80	-0.00	0.00
12400	0.010	0.010	0.010	0	12	0.107	0.004	3.950	29.29	-1138.89	0.00	0.00
12500	0.007	0.007	0.007	0	8	0.438	0.003	3.950	32.46	-1138.48	-0.13	0.00
12600	0.009	0.009	0.009	0	5	0.604	0.003	3.950	33.05	-1138.01	0.00	-7.54
12700	0.008	0.008	0.008	0	8	0.197	0.004	3.950	30.65	-1138.48	0.00	0.00
12800	0.007	0.007	0.007	0	7	0.241	0.061	3.950	30.11	-1138.35	0.00	-7.90
12900	0.008	0.008	0.008	0	5	0.391	0.037	3.804	25.21	-1138.01	0.00	-7.66
13000	0.006	0.006	0.006	0	3	0.238	0.037	3.979	27.99	-1137.50	0.00	0.00
13100	0.008	0.008	0.008	0	6	0.147	0.028	3.975	28.21	-1138.19	0.00	-7.72
13200	0.011	0.011	0.011	0	4	1.238	0.003	3.975	27.02	-1137.79	-0.00	0.00
13300	0.008	0.008	0.008	0	4	1.210	0.003	3.975	27.84	-1137.79	0.00	0.00
13400	0.010	0.010	0.010	0	3	1.240	0.004	3.975	28.84	-1137.50	-0.00	0.00
13500	0.009	0.009	0.009	0	4	0.845	0.004	3.975	29.02	-1137.79	-0.22	0.00
13600	0.012	0.012	0.012	0	7	0.555	0.004	3.975	23.67	-1138.35	-0.13	0.00
13700	0.010	0.010	0.010	0	10	0.169	0.018	3.975	26.11	-1138.70	0.00	-0.42
13800	0.007	0.007	0.007	0	8	0.376	0.017	3.975	29.12	-1138.48	0.00	-7.78
13900	0.008	0.008	0.008	0	6	0.584	0.017	3.975	30.31	-1138.20	0.00	0.00
14000	0.011	0.011	0.011	0	8	0.155	0.019	3.975	28.09	-1138.48	0.00	0.00
14100	0.007	0.007	0.007	0	9	0.334	0.026	3.975	30.98	-1138.60	0.00	-0.24
14200	0.008	0.008	0.008	0	8	0.308	0.016	3.975	33.66	-1138.48	0.00	0.00
14300	0.007	0.010	0.007	1	10	0.385	0.004	3.866	33.94	-1139.07	-0.11	0.00
14400	0.007	0.007	0.007	0	13	0.179	0.005	3.979	33.09	-1138.97	-0.08	0.00
14500	0.005	0.005	0.005	0	15	0.136	0.007	4.039	36.15	-1139.11	0.00	-8.20
14600	0.006	0.006	0.006	0	18	0.073	0.010	4.039	28.38	-1139.29	-0.00	0.00
14700	0.006	0.006	0.006	0	28	0.036	0.029	3.936	27.46	-1139.73	0.00	0.00
14800	0.005	0.005	0.005	0	28	0.047	0.023	3.936	28.33	-1139.73	0.00	0.00
14900	0.004	0.004	0.004	0	29	0.109	0.027	3.936	28.67	-1139.77	-0.00	0.00
15000	0.005	0.005	0.005	0	29	0.056	0.004	3.936	33.78	-1139.77	0.00	0.00
15100	0.004	0.004	0.004	0	26	0.079	0.004	3.936	37.30	-1139.66	-0.00	0.35
15200	0.005	0.005	0.005	0	24	0.121	0.005	3.936	32.09	-1139.58	0.00	0.00
15300	0.004	0.004	0.004	0	26	0.099	0.014	3.936	31.52	-1139.66	0.00	-0.44
15400	0.004	0.004	0.004	0	28	0.101	0.033	3.936	28.23	-1139.73	0.00	0.00
15500	0.005	0.005	0.005	0	30	0.164	0.034	3.936	24.55	-1139.81	0.00	0.00
15600	0.005	0.005	0.005	0	28	0.102	0.016	3.974	24.14	-1139.73	0.00	0.00
15700	0.004	0.004	0.004	0	23	0.094	0.019	3.974	29.93	-1139.54	0.00	0.00
15800	0.008	0.008	0.008	0	22	0.117	0.034	3.974	24.60	-1139.49	0.05	0.00
15900	0.005	0.005	0.005	0	19	0.066	0.034	3.974	32.68	-1139.35	-0.00	0.00
16000	0.006	0.006	0.006	0	13	0.157	0.028	3.703	27.86	-1138.97	-0.07	0.00
16100	0.007	0.007	0.007	0	10	0.204	0.017	3.763	31.69	-1138.70	-0.00	0.00
16200	0.008	0.008	0.008	0	10	0.278	0.016	3.875	31.98	-1138.71	-0.10	0.00
16300	0.006	0.006	0.006	0	14	0.098	0.026	4.049	29.78	-1139.04	0.00	0.00
16400	0.006	0.006	0.006	0	15	0.242	0.019	4.049	24.60	-1139.11	-0.07	0.00
16500	0.008	0.008	0.008	0	15	0.377	0.025	3.944	24.71	-1139.11	-0.00	0.45
16600	0.008	0.008	0.008	0	15	0.117	0.025	4.008	28.81	-1139.11	0.00	0.00
16700	0.006	0.006	0.006	0	12	0.440	0.011	4.008	27.12	-1138.89	-0.00	0.01
16800	0.010	0.010	0.010	0	11	0.366	0.013	4.008	27.30	-1138.80	0.00	0.00
16900	0.006	0.006	0.006	0	9	0.265	0.025	3.821	30.15	-1138.60	-0.00	0.00
17000	0.006	0.006	0.006	0	8	0.220	0.022	3.821	29.87	-1138.48	0.00	0.00
17100	0.008	0.008	0.008	0	9	0.104	0.019	3.932	31.84	-1138.60	0.00	0.00
17200	0.005	0.005	0.005	0	11	0.193	0.031	3.932	31.18	-1138.80	0.00	0.00
17300	0.009	0.009	0.009	0	6	0.523	0.026	3.932	32.29	-1138.20	0.00	-7.60
17400	0.009	0.009	0.009	0	9	0.345	0.020	3.932	31.74	-1138.60	0.00	0.00
17500	0.008	0.008	0.008	0	10	0.342	0.012	3.932	32.42	-1138.71	-0.00	0.25
17600	0.005	0.005	0.005	0	9	0.207	0.014	3.932	37.02	-1138.60	0.00	0.00
17700	0.004	0.004	0.004	0	11	0.211	0.062	3.932	30.10	-1138.80	0.00	-8.40
17800	0.005	0.005	0.005	0	12	0.166	0.044	3.932	31.60	-1138.89	0.00	0.00
17900	0.007	0.007	0.007	0	8	0.508	0.044	3.932	30.91	-1138.48	0.00	0.00
18000	0.006	0.006	0.006	0	7	0.356	0.015	3.980	28.54	-1138.35	0.00	0.00
18100	0.007	0.007	0.007	0	6	0.251	0.014	3.938	34.94	-1138.19	0.15	0.00
18200	0.010	0.010	0.010	0	8	0.567	0.011	4.022	32.41	-1138.48	0.00	-7.51
18300	0.005	0.005	0.005	0	6	0.266	0.030	4.022	32.54	-1138.19	0.00	0.00
18400	0.007	0.007	0.007	0	6	0.228	0.024	4.022	34.97	-1138.19	0.00	0.00
18500	0.007	0.007	0.007	0	5	0.203	0.024	4.022	31.47	-1138.01	0.00	-0.30
18600	0.006	0.006	0.006	0	7	0.270	0.023	3.806	30.19	-1138.35	0.00	-8.08
18700	0.007	0.007	0.007	0	8	0.303	0.017	3.806	33.78	-1138.48	0.00	-7.80
18800	0.006	0.006	0.006	0	10	0.257	0.017	3.806	35.11	-1138.70	-0.00	0.00
18900	0.007	0.007	0.007	0	15	0.121	0.014	3.806	31.47	-1139.11	0.00	0.00
19000	0.005	0.005	0.005	0	13	0.195	0.032	3.806	32.29	-1138.97	-0.01	0.00
19100	0.009	0.009	0.009	0	10	0.360	0.026	3.817	29.35	-1138.71	0.00	-0.15
19200	0.006	0.006	0.006	0	10	0.634	0.024	3.873	29.55	-1138.71	-0.10	0.00
19300	0.008	0.008	0.008	0	16	0.214	0.021	3.944	26.48	-1139.18	0.06	0.00
19400	0.005	0.120	0.005	1	19	0.163	0.021	3.944	28.80	-1139.71	-0.01	0.00
19500	0.008	0.104	0.008	1	13	0.249	0.026	3.755	26.48	-1139.34	-0.00	0.39
19600	0.006	0.094	0.006	1	12	0.120	0.026	3.755	28.85	-1139.25	-0.08	0.00
19700	0.008	0.099	0.008	1	11	0.166	0.026	3.755	28.38	-1139.17	0.00	0.69
19800	0.008	0.125	0.008	1	6	0.505	0.021	3.755	33.77	-1138.56	-0.00	-0.69
19900	0.007	0.164	0.007	1	5	1.280	0.019	3.755	30.26	-1138.38	-0.00	-0.69
20000	0.009	0.183	0.009	1	3	0.333	0.019	3.755	31.68	-1137.87	0.41	0.00
20100	0.007	0.209	0.007	1	6	0.540	0.011	4.056	33.28	-1138.56	-0.18	0.00
20200	0.009	0.221	0.009	1	7	0.087	0.011	3.747	28.16	-1138.71	-0.15	0.00
20300	0.005	0.238	0.005	1	8	0.143	0.013	3.740	31.20	-1138.85	-0.06	0.00
20400	0.006	0.344	0.006	1	8	0.061	0.012	3.740	31.51	-1138.85	0.00	0.00
20500	0.007	0.318	0.007	1	5	0.760	0.004	3.740	29.73	-1138.38	0.00	0.00
20600	0.008	0.274	0.008	1	4	0.366	0.006	3.773	33.65	-1138.16	-0.02	0.00
20700	0.008	0.267	0.008	1	5	0.721	0.006	3.773	31.61	-1138.38	0.22	0.00
20800	0.008	0.236	0.008	1	6	0.470	0.006	4.024	30.12	-1138.56	0.00	-7.82
20900	0.009	0.291	0.009	1	4	1.007	0.009	3.889	32.25	-1138.16	-0.00	-0.69
21000	0.008	0.260	0.008	1	4	1.016	0.032	3.889	33.70	-1138.16	0.29	0.00
21100	0.005	0.271	0.005	1	3	0.907	0.032	3.889	33.90	-1137.87	0.00	0.00
21200	0.005	0.279	0.005	1	3	1.073	0.020	3.889	28.73	-1137.87	0.00	0.00
21300	0.007	0.258	0.007	1	3	0.523	0.036	3.889	33.59	-1137.87	-0.05	0.00
21400	0.005	0.170	0.005	1	7	0.388	0.032	3.889	31.60	-1138.71	0.00	0.00
21500	0.006	0.006	0.006	0	7	0.298	0.029	3.889	33.94	-1138.35	-0.13	0.00
21600	0.006	0.006	0.006	0	5	0.247	0.034	3.889	35.56	-1138.01	0.00	-8.00
21700	0.007	0.007	0.007	0	5	1.232	0.023	3.889	34.27	-1138.02	0.18	0.00
21800	0.006	0.006	0.006	0	7	0.719	0.023	4.013	31.54	-1138.35	-0.13	0.00
21900	0.007	0.007	0.007	0	12	0.070	0.023	4.013	33.38	-1138.89	0.00	0.00
22000	0.005	0.005	0.005	0	15	0.328	0.036	4.013	30.60	-1139.11	-0.00	0.25
22100	0.007	0.007	0.007	0	20	0.126	0.011	4.013	32.41	-1139.40	-0.05	0.00
22200	0.005	0.005	0.005	0	17	0.090	0.011	4.013	37.45	-1139.23	0.00	-8.18
22300	0.005	0.005	0.005	0	22	0.199	0.010	3.980	32.33	-1139.49	0.00	0.00
22400	0.005	0.005	0.005	0	22	0.097	0.018	3.980	34.45	-1139.49	0.00	-0.24
22500	0.004	0.004	0.004	0	28	0.098	0.014	3.980	33.68	-1139.73	-0.01	0.00
22600	0.002	0.002	0.002	0	28	0.121	0.075	3.980	28.89	-1139.73	0.00	0.00
22700	0.005	0.005	0.005	0	29	0.058	0.059	3.980	25.58	-1139.77	-0.00	0.00
22800	0.003	0.003	0.003	0	29	0.053	0.071	3.980	27.01	-1139.77	0.00	-8.73
22900	0.004	0.004	0.004	0	30	0.055	0.074	3.980	26.56	-1139.80	-0.00	0.00
23000	0.003	0.003	0.003	0	22	0.102	0.076	3.980	31.54	-1139.49	-0.00	0.00
23100	0.005	0.005	0.005	0	25	0.077	0.034	3.980	27.56	-1139.62	0.00	0.00
23200	0.004	0.004	0.004	0	25	0.089	0.034	3.979	18.32	-1139.62	0.00	0.00
23300	0.005	0.005	0.005	0	24	0.229	0.021	3.979	26.26	-1139.58	0.00	-8.18
23400	0.004	0.004	0.004	0	24	0.129	0.010	3.979	30.53	-1139.58	0.00	0.00
23500	0.003	0.003	0.003	0	29	0.125	0.016	3.979	27.16	-1139.77	-0.00	0.00
23600	0.006	0.006	0.006	0	24	0.103	0.012	3.979	30.49	-1139.58	0.04	0.00
23700	0.005	0.005	0.005	0	21	0.175	0.005	4.052	33.02	-1139.45	0.00	0.00
23800	0.004	0.004	0.004	0	20	0.091	0.005	4.052	35.51	-1139.40	0.00	-8.37
23900	0.006	0.006	0.006	0	18	0.124	0.005	4.052	35.01	-1139.29	-0.00	0.00
24000	0.006	0.006	0.006	0	16	0.262	0.006	4.052	29.77	-1139.18	0.00	0.00
24100	0.005	0.005	0.005	0	12	0.240	0.014	4.052	30.91	-1138.89	0.00	0.00
24200	0.005	0.005	0.005	0	18	0.076	0.037	4.052	31.16	-1139.29	0.00	0.00
24300	0.004	0.004	0.004	0	20	0.061	0.059	4.066	28.62	-1139.40	0.00	0.00
24400	0.005	0.005	0.005	0	24	0.066	0.059	4.066	24.33	-1139.58	-0.00	0.00
24500	0.003	0.003	0.003	0	21	0.130	0.036	4.066	27.04	-1139.45	0.00	0.00
24600	0.006	0.006	0.006	0	19	0.178	0.039	4.066	29.97	-1139.35	0.00	0.00
24700	0.005	0.005	0.005	0	21	0.090	0.039	4.066	33.94	-1139.45	-0.00	0.00
24800	0.004	0.004	0.004	0	23	0.075	0.039	4.066	31.75	-1139.54	0.00	-0.32
24900	0.004	0.004	0.004	0	25	0.131	0.020	4.066	31.08	-1139.62	0.04	0.00
25000	0.004	0.004	0.004	0	31	0.158	0.020	4.066	33.80	-1139.84	0.00	-8.50
25100	0.002	0.002	0.002	0	32	0.096	0.040	4.066	34.49	-1139.87	0.03	0.00
25200	0.002	0.002	0.002	0	33	0.064	0.075	3.944	25.99	-1139.90	0.00	-8.97
25300	0.004	0.004	0.004	0	28	0.080	0.039	3.944	29.77	-1139.73	-0.00	0.00
25400	0.006	0.006	0.006	0	23	0.084	0.032	4.148	32.45	-1139.54	0.00	0.00
25500	0.004	0.004	0.004	0	20	0.151	0.038	4.148	32.10	-1139.40	0.05	0.00
25600	0.004	0.004	0.004	0	17	0.145	0.038	4.148	33.49	-1139.23	0.00	-8.37
25700	0.005	0.005	0.005	0	14	0.159	0.018	4.148	35.88	-1139.04	-0.00	0.00
25800	0.006	0.006	0.006	0	10	0.549	0.021	4.148	31.30	-1138.71	0.00	-8.02
25900	0.004	0.004	0.004	0	10	0.155	0.033	4.148	33.04	-1138.70	0.00	-8.29
26000	0.007	0.007	0.007	0	9	0.295	0.033	4.148	27.74	-1138.60	0.00	-7.78
26100	0.006	0.006	0.006	0	8	0.148	0.050	4.009	30.07	-1138.48	0.00	0.00
26200	0.008	0.008	0.008	0	7	0.270	0.050	3.906	25.20	-1138.35	-0.00	0.06
26300	0.011	0.011	0.011	0	8	0.209	0.050	3.932	24.70	-1138.48	0.12	0.00
26400	0.008	0.008	0.008	0	13	0.163	0.056	3.932	24.27	-1138.97	0.00	0.00
26500	0.009	0.009	0.009	0	7	0.375	0.036	3.932	27.22	-1138.35	-0.13	0.00
26600	0.010	0.010	0.010	0	3	0.484	0.036	3.932	28.82	-1137.50	0.41	0.00
26700	0.010	0.010	0.010	0	5	1.067	0.023	3.932	25.58	-1138.02	0.00	-7.44
26800	0.008	0.008	0.008	0	3	2.525	0.027	3.932	28.23	-1137.51	0.00	-7.72
26900	0.010	0.010	0.010	0	3	0.926	0.027	3.939	28.78	-1137.50	0.00	0.00
27000	0.009	0.009	0.009	0	4	1.323	0.021	3.939	32.54	-1137.79	-0.00	0.00
27100	0.009	0.009	0.009	0	5	0.260	0.003	3.938	33.19	-1138.01	-0.00	0.00
27200	0.007	0.007	0.007	0	4	0.856	0.034	3.944	33.54	-1137.79	0.00	-7.89
27300	0.006	0.006	0.006	0	6	0.213	0.046	3.944	34.74	-1138.19	-0.00	0.36
27400	0.007	0.007	0.007	0	7	0.275	0.046	3.909	31.24	-1138.35	-0.00	0.00
27500	0.010	0.010	0.010	0	5	0.393	0.046	3.909	30.40	-1138.01	0.00	-7.49
27600	0.009	0.009	0.009	0	4	0.327	0.024	3.909	33.25	-1137.79	0.00	-7.57
27700	0.009	0.009	0.009	0	7	2.172	0.024	4.090	27.17	-1138.36	0.14	0.00
27800	0.005	0.005	0.005	0	6	0.285	0.039	4.090	34.21	-1138.19	0.00	0.00
27900	0.006	0.006	0.006	0	6	0.714	0.061	4.090	30.77	-1138.20	0.00	-7.93
28000	0.005	0.005	0.005	0	7	0.193	0.061	4.110	31.00	-1138.35	0.00	0.00
28100	0.005	0.005	0.005	0	14	0.357	0.061	4.110	23.02	-1139.04	0.00	0.00
28200	0.005	0.005	0.005	0	14	0.120	0.083	4.110	25.45	-1139.04	-0.07	0.00
28300	0.006	0.006	0.006	0	7	0.391	0.052	4.110	31.58	-1138.35	0.13	0.00
28400	0.006	0.006	0.006	0	6	1.817	0.057	3.967	31.06	-1138.20	0.00	-8.01
28500	0.006	0.006	0.006	0	5	1.679	0.040	3.967	30.53	-1138.02	0.00	-7.94
28600	0.007	0.007	0.007	0	4	0.064	0.047	3.967	29.12	-1137.79	0.00	0.00
28700	0.004	0.004	0.004	0	7	0.576	0.047	3.967	29.36	-1138.35	0.00	0.00
28800	0.006	0.006	0.006	0	7	2.044	0.047	3.967	32.28	-1138.36	0.00	-7.99
28900	0.004	0.004	0.004	0	6	0.233	0.041	3.967	32.80	-1138.19	0.18	0.00
29000	0.007	0.007	0.007	0	5	1.120	0.041	4.004	32.00	-1138.02	0.00	-7.80
29100	0.006	0.006	0.006	0	6	2.089	0.024	4.004	31.81	-1138.21	-0.00	0.00
29200	0.007	0.007	0.007	0	4	3.205	0.042	4.004	30.76	-1137.80	-0.00	0.00
29300	0.007	0.007	0.007	0	4	6.066	0.042	4.004	29.60	-1137.82	-0.23	0.00
29400	0.006	0.006	0.006	0	5	2.146	0.042	4.004	31.91	-1138.02	0.00	0.00
29500	0.009	0.009	0.009	0	5	7.235	0.050	4.004	26.49	-1138.05	0.00	0.00
29600	0.005	0.005	0.005	0	4	3.897	0.050	4.004	29.63	-1137.81	0.00	0.00
29700	0.007	0.007	0.007	0	4	0.257	0.047	4.004	32.98	-1137.79	0.00	-0.24
29800	0.007	0.007	0.007	0	7	0.523	0.085	4.004	28.13	-1138.35	0.00	0.00
29900	0.005	0.005	0.005	0	8	0.658	0.115	4.004	24.80	-1138.48	-0.12	0.00
30000	0.005	0.005	0.005	0	5	2.424	0.083	4.004	27.25	-1138.02	0.00	0.00
30100	0.010	0.010	0.010	0	4	1.508	0.026	4.004	31.08	-1137.79	0.00	0.00
30200	0.010	0.010	0.010	0	3	2.337	0.017	4.004	27.62	-1137.51	0.00	-7.44
30300	0.008	0.008	0.008	0	3	2.136	0.026	4.137	23.90	-1137.51	0.00	-7.76
30400	0.007	0.007	0.007	0	3	1.163	0.029	3.897	28.29	-1137.50	0.41	0.00
30500	0.007	0.007	0.007	0	7	1.236	0.029	3.897	31.18	-1138.36	0.00	0.00
30600	0.008	0.008	0.008	0	6	1.800	0.029	3.897	31.20	-1138.20	0.00	0.00
30700	0.005	0.005	0.005	0	11	0.336	0.029	3.897	31.56	-1138.80	0.00	-0.38
30800	0.006	0.006	0.006	0	12	0.197	0.011	3.897	28.64	-1138.89	0.09	0.00
30900	0.008	0.008	0.008	0	11	0.159	0.011	3.897	29.46	-1138.80	0.00	-7.69
31000	0.010	0.010	0.010	0	11	0.499	0.011	3.892	24.56	-1138.80	0.00	-7.48
31100	0.009	0.009	0.009	0	12	0.222	0.011	3.892	29.83	-1138.89	0.00	0.00
31200	0.007	0.007	0.007	0	11	0.090	0.011	3.892	29.10	-1138.80	0.00	0.00
31300	0.008	0.008	0.008	0	11	0.111	0.010	3.892	30.21	-1138.80	0.09	0.00
31400	0.008	0.008	0.008	0	5	0.316	0.005	3.892	35.12	-1138.01	0.00	-0.35
31500	0.007	0.007	0.007	0	6	0.287	0.003	3.909	32.45	-1138.19	-0.18	0.00
31600	0.007	0.007	0.007	0	4	0.954	0.003	3.909	33.54	-1137.79	0.00	-0.30
31700	0.010	0.010	0.010	0	4	0.594	0.002	3.909	27.95	-1137.79	0.29	0.00
31800	0.006	0.006	0.006	0	4	0.898	0.003	3.909	32.53	-1137.79	0.00	-7.98
31900	0.007	0.007	0.007	0	7	0.558	0.007	3.909	32.27	-1138.35	0.00	-7.79
32000	0.007	0.007	0.007	0	8	0.424	0.007	3.939	29.75	-1138.48	0.00	0.00
32100	0.007	0.007	0.007	0	5	0.444	0.003	3.939	33.65	-1138.01	0.18	0.00
32200	0.007	0.007	0.007	0	5	0.310	0.003	3.909	35.73	-1138.01	-0.18	0.00
32300	0.008	0.008	0.008	0	3	0.412	0.001	3.987	29.53	-1137.50	0.00	-7.71
32400	0.009	0.009	0.009	0	4	0.101	0.001	4.005	26.54	-1137.79	0.00	0.00
32500	0.015	0.015	0.015	0	3	1.084	0.001	4.005	24.06	-1137.50	0.41	0.00
32600	0.009	0.009	0.009	0	3	0.396	0.000	4.058	28.68	-1137.50	0.00	0.00
32700	0.013	0.013	0.013	0	5	0.861	0.000	3.902	26.35	-1138.02	0.00	0.00
32800	0.009	0.707	0.009	1	5	1.388	0.001	3.902	25.76	-1138.38	-0.00	0.42
32900	0.009	0.707	0.009	1	4	1.114	0.000	3.902	33.02	-1138.16	-0.06	0.00
33000	0.007	0.007	0.007	0	6	2.573	0.056	3.902	30.68	-1138.21	-0.00	0.00
33100	0.005	0.005	0.005	0	6	2.036	0.047	3.902	31.29	-1138.21	0.00	0.00
33200	0.008	0.008	0.008	0	7	4.663	0.031	3.902	24.81	-1138.38	0.00	0.00
33300	0.007	0.007	0.007	0	7	9.277	0.029	3.843	23.09	-1138.42	0.00	0.00
33400	0.008	0.008	0.008	0	7	7.337	0.029	3.843	25.30	-1138.40	-0.00	0.00
33500	0.006	0.006	0.006	0	5	4.192	0.029	3.843	24.23	-1138.03	-0.23	0.00
33600	0.009	0.009	0.009	0	4	1.543	0.022	3.843	27.62	-1137.79	0.00	0.00
33700	0.008	0.008	0.008	0	4	4.124	0.022	3.843	26.68	-1137.81	0.00	-7.65
33800	0.006	0.006	0.006	0	4	2.236	0.044	3.843	25.42	-1137.80	0.00	0.00
33900	0.012	0.012	0.012	0	4	4.230	0.028	3.843	24.76	-1137.81	0.00	0.00
34000	0.008	0.008	0.008	0	4	0.830	0.028	3.843	27.42	-1137.79	-0.22	0.00
34100	0.010	0.010	0.010	0	6	1.058	0.022	3.843	24.81	-1138.20	0.00	0.00
34200	0.010	0.010	0.010	0	4	1.121	0.029	4.017	26.20	-1137.79	0.00	0.00
34300	0.007	0.007	0.007	0	5	2.004	0.037	3.861	28.00	-1138.02	0.00	-7.87
34400	0.012	0.012	0.012	0	7	1.515	0.025	3.861	25.00	-1138.36	-0.14	0.00
34500	0.010	0.010	0.010	0	4	3.979	0.024	3.913	26.53	-1137.81	-0.01	0.29
34600	0.008	0.008	0.008	0	5	2.380	0.010	3.913	31.18	-1138.02	0.00	-0.17
34700	0.009	0.009	0.009	0	5	3.966	0.010	3.913	30.26	-1138.03	0.00	0.00
34800	0.005	0.005	0.005	0	6	6.082	0.010	3.913	25.48	-1138.23	0.00	0.00
34900	0.006	0.006	0.006	0	7	7.243	0.010	3.800	28.40	-1138.40	0.16	0.00
35000	0.006	0.006	0.006	0	5	6.418	0.048	3.795	28.52	-1138.05	0.00	0.00
35100	0.005	0.005	0.005	0	5	3.084	0.051	3.795	28.57	-1138.03	0.00	0.00
35200	0.007	0.007	0.007	0	6	2.943	0.051	3.795	28.77	-1138.21	-0.16	0.00
35300	0.006	0.006	0.006	0	5	5.231	0.043	3.948	29.10	-1138.04	0.00	0.00
35400	0.005	0.005	0.005	0	5	2.654	0.043	3.948	29.78	-1138.02	0.00	0.00
35500	0.006	0.006	0.006	0	5	3.271	0.034	3.948	30.27	-1138.03	-0.01	0.32
35600	0.006	0.006	0.006	0	5	6.746	0.035	3.948	29.03	-1138.05	0.00	-7.92
35700	0.007	0.007	0.007	0	5	5.878	0.033	3.936	29.54	-1138.04	0.00	0.00
35800	0.006	0.006	0.006	0	5	15.582	0.031	4.059	24.03	-1138.10	0.00	0.00
35900	0.008	0.008	0.008	0	5	6.095	0.039	3.856	28.83	-1138.05	0.00	-7.66
36000	0.006	0.006	0.006	0	6	2.434	0.025	3.856	29.82	-1138.21	0.00	-0.40
36100	0.006	0.006	0.006	0	8	0.790	0.033	3.856	28.38	-1138.49	-0.12	0.00
36200	0.010	0.010	0.010	0	11	0.499	0.033	3.856	25.11	-1138.80	-0.00	0.00
36300	0.006	0.006	0.006	0	7	0.287	0.033	3.856	33.35	-1138.35	0.00	0.00
36400	0.007	0.007	0.007	0	8	0.200	0.033	3.816	30.77	-1138.48	0.00	-7.88
36500	0.006	0.006	0.006	0	13	0.216	0.034	3.816	30.86	-1138.97	0.00	0.00
36600	0.009	0.009	0.009	0	16	0.167	0.016	3.998	25.76	-1139.18	0.00	-7.58
36700	0.007	0.007	0.007	0	21	0.097	0.010	3.979	27.35	-1139.45	-0.01	0.00
36800	0.006	0.006	0.006	0	21	0.152	0.010	4.014	28.21	-1139.45	0.05	0.00
36900	0.009	0.009	0.009	0	17	0.093	0.010	3.962	26.69	-1139.23	0.00	-7.55
37000	0.008	0.008	0.008	0	19	0.172	0.007	4.045	23.66	-1139.35	0.05	0.00
37100	0.005	0.005	0.005	0	19	0.111	0.008	3.740	32.43	-1139.35	0.00	0.00
37200	0.005	0.005	0.005	0	22	0.069	0.007	3.939	31.62	-1139.49	-0.00	0.00
37300	0.005	0.005	0.005	0	17	0.139	0.007	3.939	35.85	-1139.24	0.00	0.00
37400	0.005	0.005	0.005	0	19	0.122	0.010	3.829	39.33	-1139.35	0.00	-8.16
37500	0.004	0.004	0.004	0	20	0.120	0.016	3.946	43.56	-1139.40	-0.05	0.00
37600	0.004	0.004	0.004	0	17	0.070	0.016	3.946	34.93	-1139.23	0.00	-8.31
37700	0.005	0.005	0.005	0	19	0.131	0.016	3.946	34.65	-1139.35	-0.00	0.00
37800	0.004	0.004	0.004	0	23	0.085	0.021	3.946	29.65	-1139.54	0.00	-8.45
37900	0.005	0.005	0.005	0	29	0.066	0.018	4.079	28.49	-1139.77	0.00	0.00
38000	0.005	0.005	0.005	0	24	0.066	0.013	3.858	29.80	-1139.58	0.00	-8.18
38100	0.004	0.004	0.004	0	25	0.060	0.021	4.017	31.87	-1139.62	-0.04	0.00
38200	0.005	0.005	0.005	0	24	0.078	0.021	4.017	37.43	-1139.58	0.00	-8.10
38300	0.004	0.004	0.004	0	21	0.086	0.021	3.955	36.24	-1139.45	-0.05	0.00
38400	0.005	0.005	0.005	0	21	0.080	0.029	4.068	35.77	-1139.45	0.05	0.00
38500	0.005	0.005	0.005	0	21	0.054	0.029	4.068	34.85	-1139.45	0.00	-8.09
38600	0.004	0.004	0.004	0	18	0.144	0.011	4.068	33.57	-1139.29	-0.06	0.00
38700	0.003	0.003	0.003	0	20	0.152	0.037	4.068	39.48	-1139.40	0.05	0.00
38800	0.003	0.003	0.003	0	18	0.172	0.037	4.068	38.62	-1139.29	-0.01	0.00
38900	0.005	0.005	0.005	0	17	0.104	0.037	4.068	36.74	-1139.23	0.00	0.00
39000	0.004	0.004	0.004	0	23	0.146	0.035	4.068	34.65	-1139.54	-0.00	0.00
39100	0.003	0.003	0.003	0	25	0.058	0.049	4.059	33.01	-1139.62	0.04	0.00
39200	0.002	0.002	0.002	0	26	0.096	0.063	4.059	28.61	-1139.66	0.00	0.00
39300	0.003	0.003	0.003	0	23	0.074	0.091	4.059	29.18	-1139.54	0.00	0.00
39400	0.005	0.005	0.005	0	19	0.078	0.058	4.059	31.92	-1139.35	0.05	0.00
39500	0.007	0.007	0.007	0	14	0.130	0.058	4.059	34.38	-1139.04	0.00	-7.89
39600	0.003	0.003	0.003	0	16	0.139	0.058	4.059	34.71	-1139.17	0.00	0.00
39700	0.003	0.003	0.003	0	11	0.215	0.058	4.059	39.19	-1138.80	0.00	-8.75
39800	0.005	0.005	0.005	0	12	0.248	0.054	4.059	36.87	-1138.89	0.00	-8.24
39900	0.006	0.006	0.006	0	10	0.173	0.048	4.080	35.59	-1138.70	-0.00	0.00
40000	0.006	0.006	0.006	0	7	0.147	0.048	4.080	34.00	-1138.35	0.00	-7.93
40100	0.004	0.004	0.004	0	12	0.132	0.043	3.967	31.28	-1138.89	0.00	0.00
40200	0.005	0.005	0.005	0	9	0.328	0.028	3.967	36.83	-1138.60	-0.11	0.00
40300	0.009	0.009	0.009	0	11	0.345	0.028	3.967	31.70	-1138.80	-0.10	0.00
40400	0.006	0.006	0.006	0	8	0.188	0.026	3.967	35.73	-1138.48	0.00	-0.46
40500	0.007	0.007	0.007	0	9	1.377	0.016	3.967	32.05	-1138.61	0.00	0.00
40600	0.006	0.006	0.006	0	10	1.997	0.016	3.967	31.27	-1138.72	0.00	-7.92
40700	0.008	0.008	0.008	0	5	3.683	0.014	3.967	30.47	-1138.03	0.00	0.00
40800	0.011	0.011	0.011	0	5	0.965	0.011	3.967	29.91	-1138.02	0.22	0.00
40900	0.009	0.009	0.009	0	4	0.984	0.011	3.967	32.84	-1137.79	-0.00	0.00
41000	0.009	0.009	0.009	0	7	0.169	0.008	3.967	30.43	-1138.35	0.00	0.00
41100	0.006	0.006	0.006	0	10	0.138	0.007	3.989	27.95	-1138.70	0.00	-0.28
41200	0.008	0.008	0.008	0	5	0.286	0.011	3.989	32.18	-1138.01	0.00	0.00
41300	0.008	0.008	0.008	0	6	2.183	0.011	3.989	28.08	-1138.21	0.00	0.00
41400	0.008	0.008	0.008	0	5	0.179	0.012	3.989	33.41	-1138.01	-0.18	0.00
41500	0.007	0.007	0.007	0	4	0.188	0.012	3.866	33.10	-1137.79	0.29	0.00
41600	0.009	0.009	0.009	0	6	0.218	0.019	4.014	30.98	-1138.19	0.00	0.00
41700	0.012	0.012	0.012	0	7	0.210	0.015	3.936	28.29	-1138.35	-0.00	0.00
41800	0.005	0.005	0.005	0	6	0.958	0.017	3.936	30.64	-1138.20	0.00	0.00
41900	0.007	0.007	0.007	0	6	1.001	0.024	3.936	30.97	-1138.20	0.00	0.00
42000	0.008	0.008	0.008	0	8	0.964	0.017	3.876	29.88	-1138.49	0.13	0.00
42100	0.006	0.006	0.006	0	9	0.283	0.017	3.876	31.96	-1138.60	-0.11	0.00
42200	0.009	0.009	0.009	0	9	0.508	0.031	3.876	29.34	-1138.60	0.00	-7.62
42300	0.009	0.009	0.009	0	5	0.234	0.031	3.876	31.72	-1138.01	0.00	0.00
42400	0.007	0.007	0.007	0	5	0.743	0.031	3.876	34.67	-1138.01	0.00	0.00
42500	0.010	0.010	0.010	0	6	0.380	0.021	3.876	31.81	-1138.19	0.00	-7.50
42600	0.007	0.007	0.007	0	9	0.595	0.021	3.972	27.12	-1138.60	0.00	0.00
42700	0.009	0.009	0.009	0	7	0.137	0.020	3.972	31.63	-1138.35	0.00	0.00
42800	0.005	0.005	0.005	0	8	0.399	0.026	3.963	36.67	-1138.48	0.00	0.00
42900	0.006	0.006	0.006	0	11	0.512	0.022	3.963	34.83	-1138.80	-0.09	0.00
43000	0.007	0.007	0.007	0	10	0.493	0.041	3.963	33.88	-1138.71	0.11	0.00
43100	0.005	0.005	0.005	0	11	0.111	0.041	3.963	35.90	-1138.80	0.00	-8.17
43200	0.005	0.005	0.005	0	14	0.251	0.064	3.963	29.39	-1139.04	0.00	0.00
43300	0.010	0.010	0.010	0	9	0.280	0.054	3.963	26.72	-1138.60	0.00	0.00
43400	0.005	0.005	0.005	0	14	0.071	0.045	3.963	29.77	-1139.04	0.00	0.00
43500	0.006	0.006	0.006	0	10	0.181	0.045	3.963	32.05	-1138.70	-0.10	0.00
43600	0.005	0.005	0.005	0	13	0.343	0.055	3.963	32.92	-1138.97	0.00	0.00
43700	0.004	0.004	0.004	0	13	0.201	0.044	4.017	27.11	-1138.97	0.00	-8.29
43800	0.006	0.006	0.006	0	11	0.257	0.045	4.017	33.37	-1138.80	0.00	0.00
43900	0.006	0.006	0.006	0	9	0.186	0.029	4.017	29.95	-1138.60	-0.00	0.00
44000	0.006	0.006	0.006	0	12	0.204	0.026	4.017	31.93	-1138.89	-0.01	0.00
44100	0.006	0.006	0.006	0	11	0.379	0.053	4.017	29.85	-1138.80	0.00	0.00
44200	0.009	0.009	0.009	0	8	0.351	0.053	3.768	27.34	-1138.48	-0.00	0.00
44300	0.009	0.009	0.009	0	10	0.300	0.053	3.768	26.65	-1138.71	-0.10	0.00
44400	0.005	0.005	0.005	0	10	0.197	0.053	3.777	28.93	-1138.70	0.11	0.00
44500	0.006	0.006	0.006	0	12	0.368	0.005	4.239	22.86	-1138.89	0.00	0.00
44600	0.010	0.010	0.010	0	12	0.256	0.008	4.133	26.07	-1138.89	0.08	0.00
44700	0.007	0.007	0.007	0	14	0.188	0.008	4.133	27.62	-1139.04	0.07	0.00
44800	0.007	0.007	0.007	0	10	0.229	0.038	4.133	31.43	-1138.70	0.00	-7.81
44900	0.008	0.008	0.008	0	11	0.095	0.038	4.090	26.27	-1138.80	0.00	-0.03
45000	0.006	0.006	0.006	0	8	0.149	0.036	4.090	31.55	-1138.48	0.00	-7.96
45100	0.007	0.007	0.007	0	9	0.109	0.036	3.893	29.98	-1138.60	0.00	0.00
45200	0.008	0.008	0.008	0	10	0.252	0.036	3.893	31.12	-1138.71	-0.00	0.38
45300	0.005	0.005	0.005	0	7	0.865	0.039	3.893	32.75	-1138.35	0.00	-8.08
45400	0.005	0.005	0.005	0	16	0.183	0.024	3.893	34.03	-1139.17	-0.06	0.00
45500	0.003	0.003	0.003	0	20	0.094	0.031	3.893	29.99	-1139.40	0.00	0.00
45600	0.006	0.006	0.006	0	24	0.115	0.031	3.893	29.54	-1139.58	0.00	-0.05
45700	0.005	0.005	0.005	0	22	0.122	0.026	3.893	37.86	-1139.49	-0.00	0.45
45800	0.005	0.005	0.005	0	24	0.181	0.042	3.893	31.81	-1139.58	-0.00	0.00
45900	0.002	0.002	0.002	0	23	0.074	0.042	3.893	39.70	-1139.54	0.00	0.00
46000	0.004	0.004	0.004	0	26	0.095	0.037	3.893	38.12	-1139.66	0.00	-8.43
46100	0.006	0.006	0.006	0	24	0.105	0.030	3.893	35.19	-1139.58	-0.04	0.00
46200	0.006	0.006	0.006	0	26	0.064	0.036	3.893	30.11	-1139.66	-0.04	0.00
46300	0.006	0.006	0.006	0	25	0.095	0.023	3.966	29.24	-1139.62	0.00	0.00
46400	0.004	0.004	0.004	0	22	0.148	0.023	4.040	32.66	-1139.49	0.00	0.00
46500	0.004	0.004	0.004	0	15	0.290	0.023	4.040	37.16	-1139.11	-0.00	0.34
46600	0.005	0.005	0.005	0	12	0.383	0.023	4.040	37.36	-1138.89	-0.00	0.00
46700	0.005	0.005	0.005	0	12	0.143	0.023	4.040	39.80	-1138.89	0.00	0.00
46800	0.010	0.010	0.010	0	12	0.057	0.024	4.040	27.31	-1138.89	-0.00	0.00
46900	0.011	0.011	0.011	0	9	0.150	0.023	4.040	28.23	-1138.60	0.00	-7.41
47000	0.009	0.009	0.009	0	5	0.564	0.014	3.862	32.46	-1138.01	0.00	0.00
47100	0.008	0.008	0.008	0	6	0.748	0.018	3.999	31.22	-1138.20	0.00	-7.74
47200	0.010	0.010	0.010	0	4	0.665	0.051	3.939	31.19	-1137.79	0.00	0.00
47300	0.008	0.008	0.008	0	4	1.002	0.032	3.939	33.05	-1137.79	0.00	0.00
47400	0.008	0.008	0.008	0	6	0.448	0.024	3.939	32.74	-1138.19	0.18	0.00
47500	0.010	0.010	0.010	0	6	0.998	0.022	3.939	31.46	-1138.20	0.00	0.00
47600	0.006	0.006	0.006	0	5	0.680	0.015	3.939	33.39	-1138.01	0.22	0.00
47700	0.008	0.008	0.008	0	6	1.087	0.013	3.939	32.05	-1138.20	0.00	0.00
47800	0.008	0.008	0.008	0	6	1.291	0.013	3.939	32.40	-1138.20	0.00	0.00
47900	0.008	0.008	0.008	0	6	1.650	0.013	3.982	30.51	-1138.20	0.18	0.00
48000	0.008	0.008	0.008	0	5	2.425	0.020	3.976	30.94	-1138.02	0.23	0.00
48100	0.005	0.005	0.005	0	5	0.973	0.087	3.976	28.90	-1138.01	0.00	0.00
48200	0.004	0.004	0.004	0	5	0.297	0.087	3.976	30.57	-1138.01	-0.00	0.11
48300	0.005	0.005	0.005	0	5	1.031	0.089	3.976	28.84	-1138.01	-0.00	0.00
48400	0.008	0.008	0.008	0	6	0.703	0.054	3.936	30.85	-1138.20	0.00	-0.26
48500	0.007	0.007	0.007	0	13	0.111	0.035	3.936	30.63	-1138.97	0.00	0.00
48600	0.006	0.006	0.006	0	14	0.098	0.035	3.936	31.27	-1139.04	-0.07	0.00
48700	0.008	0.008	0.008	0	10	0.134	0.024	3.936	29.02	-1138.70	0.00	0.00
48800	0.006	0.006	0.006	0	7	0.237	0.024	3.936	32.83	-1138.35	0.00	-7.91
48900	0.012	0.012	0.012	0	9	0.371	0.016	3.936	25.43	-1138.60	0.11	0.00
49000	0.007	0.007	0.007	0	8	0.153	0.014	4.111	31.79	-1138.48	0.00	0.00
49100	0.006	0.006	0.006	0	12	0.285	0.019	4.111	33.84	-1138.89	0.08	0.00
49200	0.006	0.006	0.006	0	10	0.172	0.017	4.001	35.10	-1138.70	-0.10	0.00
49300	0.007	0.007	0.007	0	7	0.371	0.017	4.001	33.39	-1138.35	0.00	0.00
49400	0.006	0.006	0.006	0	7	0.564	0.017	4.001	31.70	-1138.35	-0.00	0.00
49500	0.006	0.006	0.006	0	7	0.539	0.021	4.001	34.66	-1138.35	0.00	0.00
49600	0.006	0.006	0.006	0	10	0.118	0.021	3.979	33.40	-1138.70	0.00	-0.44
49700	0.010	0.010	0.010	0	5	0.905	0.026	3.979	30.49	-1138.01	0.00	-7.48
49800	0.007	0.007	0.007	0	4	0.651	0.026	3.979	33.48	-1137.79	-0.00	0.05
49900	0.007	0.007	0.007	0	6	0.227	0.051	3.934	33.34	-1138.19	0.18	0.00
50000	0.005	0.005	0.005	0	6	0.398	0.051	3.934	33.13	-1138.19	-0.00	0.00
